[2025-01-04 15:27:00] local.ERROR: SQLSTATE[42S01]: Base table or view already exists: 1050 Table 'trip_plans' already exists (Connection: mysql, SQL: create table `trip_plans` (`id` bigint unsigned not null auto_increment primary key, `user_id` bigint unsigned not null, `budget` decimal(10, 2) not null, `destination_id` bigint unsigned not null, `created_at` timestamp null, `updated_at` timestamp null) default character set utf8mb4 collate 'utf8mb4_unicode_ci') {"exception":"[object] (Illuminate\\Database\\QueryException(code: 42S01): SQLSTATE[42S01]: Base table or view already exists: 1050 Table 'trip_plans' already exists (Connection: mysql, SQL: create table `trip_plans` (`id` bigint unsigned not null auto_increment primary key, `user_id` bigint unsigned not null, `budget` decimal(10, 2) not null, `destination_id` bigint unsigned not null, `created_at` timestamp null, `updated_at` timestamp null) default character set utf8mb4 collate 'utf8mb4_unicode_ci') at C:\\xampp\\htdocs\\internet-tehnologije-2024-projekat-vebaplplaniranjeputovanja_2021_0326\\itehLaravel\\vendor\\laravel\\framework\\src\\Illuminate\\Database\\Connection.php:825)
[stacktrace]
#0 C:\\xampp\\htdocs\\internet-tehnologije-2024-projekat-vebaplplaniranjeputovanja_2021_0326\\itehLaravel\\vendor\\laravel\\framework\\src\\Illuminate\\Database\\Connection.php(779): Illuminate\\Database\\Connection->runQueryCallback('create table `t...', Array, Object(Closure))
#1 C:\\xampp\\htdocs\\internet-tehnologije-2024-projekat-vebaplplaniranjeputovanja_2021_0326\\itehLaravel\\vendor\\laravel\\framework\\src\\Illuminate\\Database\\Connection.php(560): Illuminate\\Database\\Connection->run('create table `t...', Array, Object(Closure))
#2 C:\\xampp\\htdocs\\internet-tehnologije-2024-projekat-vebaplplaniranjeputovanja_2021_0326\\itehLaravel\\vendor\\laravel\\framework\\src\\Illuminate\\Database\\Schema\\Blueprint.php(118): Illuminate\\Database\\Connection->statement('create table `t...')
#3 C:\\xampp\\htdocs\\internet-tehnologije-2024-projekat-vebaplplaniranjeputovanja_2021_0326\\itehLaravel\\vendor\\laravel\\framework\\src\\Illuminate\\Database\\Schema\\Builder.php(564): Illuminate\\Database\\Schema\\Blueprint->build(Object(Illuminate\\Database\\MySqlConnection), Object(Illuminate\\Database\\Schema\\Grammars\\MySqlGrammar))
#4 C:\\xampp\\htdocs\\internet-tehnologije-2024-projekat-vebaplplaniranjeputovanja_2021_0326\\itehLaravel\\vendor\\laravel\\framework\\src\\Illuminate\\Database\\Schema\\Builder.php(418): Illuminate\\Database\\Schema\\Builder->build(Object(Illuminate\\Database\\Schema\\Blueprint))
#5 C:\\xampp\\htdocs\\internet-tehnologije-2024-projekat-vebaplplaniranjeputovanja_2021_0326\\itehLaravel\\vendor\\laravel\\framework\\src\\Illuminate\\Support\\Facades\\Facade.php(361): Illuminate\\Database\\Schema\\Builder->create('trip_plans', Object(Closure))
#6 C:\\xampp\\htdocs\\internet-tehnologije-2024-projekat-vebaplplaniranjeputovanja_2021_0326\\itehLaravel\\database\\migrations\\2024_12_07_180436_create_trip_plans_table.php(14): Illuminate\\Support\\Facades\\Facade::__callStatic('create', Array)
#7 C:\\xampp\\htdocs\\internet-tehnologije-2024-projekat-vebaplplaniranjeputovanja_2021_0326\\itehLaravel\\vendor\\laravel\\framework\\src\\Illuminate\\Database\\Migrations\\Migrator.php(476): Illuminate\\Database\\Migrations\\Migration@anonymous->up()
#8 C:\\xampp\\htdocs\\internet-tehnologije-2024-projekat-vebaplplaniranjeputovanja_2021_0326\\itehLaravel\\vendor\\laravel\\framework\\src\\Illuminate\\Database\\Migrations\\Migrator.php(401): Illuminate\\Database\\Migrations\\Migrator->runMethod(Object(Illuminate\\Database\\MySqlConnection), Object(Illuminate\\Database\\Migrations\\Migration@anonymous), 'up')
#9 C:\\xampp\\htdocs\\internet-tehnologije-2024-projekat-vebaplplaniranjeputovanja_2021_0326\\itehLaravel\\vendor\\laravel\\framework\\src\\Illuminate\\Database\\Migrations\\Migrator.php(410): Illuminate\\Database\\Migrations\\Migrator->Illuminate\\Database\\Migrations\\{closure}()
#10 C:\\xampp\\htdocs\\internet-tehnologije-2024-projekat-vebaplplaniranjeputovanja_2021_0326\\itehLaravel\\vendor\\laravel\\framework\\src\\Illuminate\\Database\\Migrations\\Migrator.php(213): Illuminate\\Database\\Migrations\\Migrator->runMigration(Object(Illuminate\\Database\\Migrations\\Migration@anonymous), 'up')
#11 C:\\xampp\\htdocs\\internet-tehnologije-2024-projekat-vebaplplaniranjeputovanja_2021_0326\\itehLaravel\\vendor\\laravel\\framework\\src\\Illuminate\\Console\\View\\Components\\Task.php(40): Illuminate\\Database\\Migrations\\Migrator->Illuminate\\Database\\Migrations\\{closure}()
#12 C:\\xampp\\htdocs\\internet-tehnologije-2024-projekat-vebaplplaniranjeputovanja_2021_0326\\itehLaravel\\vendor\\laravel\\framework\\src\\Illuminate\\Database\\Migrations\\Migrator.php(737): Illuminate\\Console\\View\\Components\\Task->render('2024_12_07_1804...', Object(Closure))
#13 C:\\xampp\\htdocs\\internet-tehnologije-2024-projekat-vebaplplaniranjeputovanja_2021_0326\\itehLaravel\\vendor\\laravel\\framework\\src\\Illuminate\\Database\\Migrations\\Migrator.php(213): Illuminate\\Database\\Migrations\\Migrator->write('Illuminate\\\\Cons...', '2024_12_07_1804...', Object(Closure))
#14 C:\\xampp\\htdocs\\internet-tehnologije-2024-projekat-vebaplplaniranjeputovanja_2021_0326\\itehLaravel\\vendor\\laravel\\framework\\src\\Illuminate\\Database\\Migrations\\Migrator.php(180): Illuminate\\Database\\Migrations\\Migrator->runUp('C:\\\\xampp\\\\htdocs...', 2, false)
#15 C:\\xampp\\htdocs\\internet-tehnologije-2024-projekat-vebaplplaniranjeputovanja_2021_0326\\itehLaravel\\vendor\\laravel\\framework\\src\\Illuminate\\Database\\Migrations\\Migrator.php(123): Illuminate\\Database\\Migrations\\Migrator->runPending(Array, Array)
#16 C:\\xampp\\htdocs\\internet-tehnologije-2024-projekat-vebaplplaniranjeputovanja_2021_0326\\itehLaravel\\vendor\\laravel\\framework\\src\\Illuminate\\Database\\Console\\Migrations\\MigrateCommand.php(116): Illuminate\\Database\\Migrations\\Migrator->run(Array, Array)
#17 C:\\xampp\\htdocs\\internet-tehnologije-2024-projekat-vebaplplaniranjeputovanja_2021_0326\\itehLaravel\\vendor\\laravel\\framework\\src\\Illuminate\\Database\\Migrations\\Migrator.php(616): Illuminate\\Database\\Console\\Migrations\\MigrateCommand->Illuminate\\Database\\Console\\Migrations\\{closure}()
#18 C:\\xampp\\htdocs\\internet-tehnologije-2024-projekat-vebaplplaniranjeputovanja_2021_0326\\itehLaravel\\vendor\\laravel\\framework\\src\\Illuminate\\Database\\Console\\Migrations\\MigrateCommand.php(109): Illuminate\\Database\\Migrations\\Migrator->usingConnection(NULL, Object(Closure))
#19 C:\\xampp\\htdocs\\internet-tehnologije-2024-projekat-vebaplplaniranjeputovanja_2021_0326\\itehLaravel\\vendor\\laravel\\framework\\src\\Illuminate\\Database\\Console\\Migrations\\MigrateCommand.php(88): Illuminate\\Database\\Console\\Migrations\\MigrateCommand->runMigrations()
#20 C:\\xampp\\htdocs\\internet-tehnologije-2024-projekat-vebaplplaniranjeputovanja_2021_0326\\itehLaravel\\vendor\\laravel\\framework\\src\\Illuminate\\Container\\BoundMethod.php(36): Illuminate\\Database\\Console\\Migrations\\MigrateCommand->handle()
#21 C:\\xampp\\htdocs\\internet-tehnologije-2024-projekat-vebaplplaniranjeputovanja_2021_0326\\itehLaravel\\vendor\\laravel\\framework\\src\\Illuminate\\Container\\Util.php(43): Illuminate\\Container\\BoundMethod::Illuminate\\Container\\{closure}()
#22 C:\\xampp\\htdocs\\internet-tehnologije-2024-projekat-vebaplplaniranjeputovanja_2021_0326\\itehLaravel\\vendor\\laravel\\framework\\src\\Illuminate\\Container\\BoundMethod.php(95): Illuminate\\Container\\Util::unwrapIfClosure(Object(Closure))
#23 C:\\xampp\\htdocs\\internet-tehnologije-2024-projekat-vebaplplaniranjeputovanja_2021_0326\\itehLaravel\\vendor\\laravel\\framework\\src\\Illuminate\\Container\\BoundMethod.php(35): Illuminate\\Container\\BoundMethod::callBoundMethod(Object(Illuminate\\Foundation\\Application), Array, Object(Closure))
#24 C:\\xampp\\htdocs\\internet-tehnologije-2024-projekat-vebaplplaniranjeputovanja_2021_0326\\itehLaravel\\vendor\\laravel\\framework\\src\\Illuminate\\Container\\Container.php(694): Illuminate\\Container\\BoundMethod::call(Object(Illuminate\\Foundation\\Application), Array, Array, NULL)
#25 C:\\xampp\\htdocs\\internet-tehnologije-2024-projekat-vebaplplaniranjeputovanja_2021_0326\\itehLaravel\\vendor\\laravel\\framework\\src\\Illuminate\\Console\\Command.php(213): Illuminate\\Container\\Container->call(Array)
#26 C:\\xampp\\htdocs\\internet-tehnologije-2024-projekat-vebaplplaniranjeputovanja_2021_0326\\itehLaravel\\vendor\\symfony\\console\\Command\\Command.php(279): Illuminate\\Console\\Command->execute(Object(Symfony\\Component\\Console\\Input\\ArgvInput), Object(Illuminate\\Console\\OutputStyle))
#27 C:\\xampp\\htdocs\\internet-tehnologije-2024-projekat-vebaplplaniranjeputovanja_2021_0326\\itehLaravel\\vendor\\laravel\\framework\\src\\Illuminate\\Console\\Command.php(182): Symfony\\Component\\Console\\Command\\Command->run(Object(Symfony\\Component\\Console\\Input\\ArgvInput), Object(Illuminate\\Console\\OutputStyle))
#28 C:\\xampp\\htdocs\\internet-tehnologije-2024-projekat-vebaplplaniranjeputovanja_2021_0326\\itehLaravel\\vendor\\symfony\\console\\Application.php(1094): Illuminate\\Console\\Command->run(Object(Symfony\\Component\\Console\\Input\\ArgvInput), Object(Symfony\\Component\\Console\\Output\\ConsoleOutput))
#29 C:\\xampp\\htdocs\\internet-tehnologije-2024-projekat-vebaplplaniranjeputovanja_2021_0326\\itehLaravel\\vendor\\symfony\\console\\Application.php(342): Symfony\\Component\\Console\\Application->doRunCommand(Object(Illuminate\\Database\\Console\\Migrations\\MigrateCommand), Object(Symfony\\Component\\Console\\Input\\ArgvInput), Object(Symfony\\Component\\Console\\Output\\ConsoleOutput))
#30 C:\\xampp\\htdocs\\internet-tehnologije-2024-projekat-vebaplplaniranjeputovanja_2021_0326\\itehLaravel\\vendor\\symfony\\console\\Application.php(193): Symfony\\Component\\Console\\Application->doRun(Object(Symfony\\Component\\Console\\Input\\ArgvInput), Object(Symfony\\Component\\Console\\Output\\ConsoleOutput))
#31 C:\\xampp\\htdocs\\internet-tehnologije-2024-projekat-vebaplplaniranjeputovanja_2021_0326\\itehLaravel\\vendor\\laravel\\framework\\src\\Illuminate\\Foundation\\Console\\Kernel.php(198): Symfony\\Component\\Console\\Application->run(Object(Symfony\\Component\\Console\\Input\\ArgvInput), Object(Symfony\\Component\\Console\\Output\\ConsoleOutput))
#32 C:\\xampp\\htdocs\\internet-tehnologije-2024-projekat-vebaplplaniranjeputovanja_2021_0326\\itehLaravel\\vendor\\laravel\\framework\\src\\Illuminate\\Foundation\\Application.php(1205): Illuminate\\Foundation\\Console\\Kernel->handle(Object(Symfony\\Component\\Console\\Input\\ArgvInput), Object(Symfony\\Component\\Console\\Output\\ConsoleOutput))
#33 C:\\xampp\\htdocs\\internet-tehnologije-2024-projekat-vebaplplaniranjeputovanja_2021_0326\\itehLaravel\\artisan(13): Illuminate\\Foundation\\Application->handleCommand(Object(Symfony\\Component\\Console\\Input\\ArgvInput))
#34 {main}

[previous exception] [object] (PDOException(code: 42S01): SQLSTATE[42S01]: Base table or view already exists: 1050 Table 'trip_plans' already exists at C:\\xampp\\htdocs\\internet-tehnologije-2024-projekat-vebaplplaniranjeputovanja_2021_0326\\itehLaravel\\vendor\\laravel\\framework\\src\\Illuminate\\Database\\Connection.php:571)
[stacktrace]
#0 C:\\xampp\\htdocs\\internet-tehnologije-2024-projekat-vebaplplaniranjeputovanja_2021_0326\\itehLaravel\\vendor\\laravel\\framework\\src\\Illuminate\\Database\\Connection.php(571): PDOStatement->execute()
#1 C:\\xampp\\htdocs\\internet-tehnologije-2024-projekat-vebaplplaniranjeputovanja_2021_0326\\itehLaravel\\vendor\\laravel\\framework\\src\\Illuminate\\Database\\Connection.php(812): Illuminate\\Database\\Connection->Illuminate\\Database\\{closure}('create table `t...', Array)
#2 C:\\xampp\\htdocs\\internet-tehnologije-2024-projekat-vebaplplaniranjeputovanja_2021_0326\\itehLaravel\\vendor\\laravel\\framework\\src\\Illuminate\\Database\\Connection.php(779): Illuminate\\Database\\Connection->runQueryCallback('create table `t...', Array, Object(Closure))
#3 C:\\xampp\\htdocs\\internet-tehnologije-2024-projekat-vebaplplaniranjeputovanja_2021_0326\\itehLaravel\\vendor\\laravel\\framework\\src\\Illuminate\\Database\\Connection.php(560): Illuminate\\Database\\Connection->run('create table `t...', Array, Object(Closure))
#4 C:\\xampp\\htdocs\\internet-tehnologije-2024-projekat-vebaplplaniranjeputovanja_2021_0326\\itehLaravel\\vendor\\laravel\\framework\\src\\Illuminate\\Database\\Schema\\Blueprint.php(118): Illuminate\\Database\\Connection->statement('create table `t...')
#5 C:\\xampp\\htdocs\\internet-tehnologije-2024-projekat-vebaplplaniranjeputovanja_2021_0326\\itehLaravel\\vendor\\laravel\\framework\\src\\Illuminate\\Database\\Schema\\Builder.php(564): Illuminate\\Database\\Schema\\Blueprint->build(Object(Illuminate\\Database\\MySqlConnection), Object(Illuminate\\Database\\Schema\\Grammars\\MySqlGrammar))
#6 C:\\xampp\\htdocs\\internet-tehnologije-2024-projekat-vebaplplaniranjeputovanja_2021_0326\\itehLaravel\\vendor\\laravel\\framework\\src\\Illuminate\\Database\\Schema\\Builder.php(418): Illuminate\\Database\\Schema\\Builder->build(Object(Illuminate\\Database\\Schema\\Blueprint))
#7 C:\\xampp\\htdocs\\internet-tehnologije-2024-projekat-vebaplplaniranjeputovanja_2021_0326\\itehLaravel\\vendor\\laravel\\framework\\src\\Illuminate\\Support\\Facades\\Facade.php(361): Illuminate\\Database\\Schema\\Builder->create('trip_plans', Object(Closure))
#8 C:\\xampp\\htdocs\\internet-tehnologije-2024-projekat-vebaplplaniranjeputovanja_2021_0326\\itehLaravel\\database\\migrations\\2024_12_07_180436_create_trip_plans_table.php(14): Illuminate\\Support\\Facades\\Facade::__callStatic('create', Array)
#9 C:\\xampp\\htdocs\\internet-tehnologije-2024-projekat-vebaplplaniranjeputovanja_2021_0326\\itehLaravel\\vendor\\laravel\\framework\\src\\Illuminate\\Database\\Migrations\\Migrator.php(476): Illuminate\\Database\\Migrations\\Migration@anonymous->up()
#10 C:\\xampp\\htdocs\\internet-tehnologije-2024-projekat-vebaplplaniranjeputovanja_2021_0326\\itehLaravel\\vendor\\laravel\\framework\\src\\Illuminate\\Database\\Migrations\\Migrator.php(401): Illuminate\\Database\\Migrations\\Migrator->runMethod(Object(Illuminate\\Database\\MySqlConnection), Object(Illuminate\\Database\\Migrations\\Migration@anonymous), 'up')
#11 C:\\xampp\\htdocs\\internet-tehnologije-2024-projekat-vebaplplaniranjeputovanja_2021_0326\\itehLaravel\\vendor\\laravel\\framework\\src\\Illuminate\\Database\\Migrations\\Migrator.php(410): Illuminate\\Database\\Migrations\\Migrator->Illuminate\\Database\\Migrations\\{closure}()
#12 C:\\xampp\\htdocs\\internet-tehnologije-2024-projekat-vebaplplaniranjeputovanja_2021_0326\\itehLaravel\\vendor\\laravel\\framework\\src\\Illuminate\\Database\\Migrations\\Migrator.php(213): Illuminate\\Database\\Migrations\\Migrator->runMigration(Object(Illuminate\\Database\\Migrations\\Migration@anonymous), 'up')
#13 C:\\xampp\\htdocs\\internet-tehnologije-2024-projekat-vebaplplaniranjeputovanja_2021_0326\\itehLaravel\\vendor\\laravel\\framework\\src\\Illuminate\\Console\\View\\Components\\Task.php(40): Illuminate\\Database\\Migrations\\Migrator->Illuminate\\Database\\Migrations\\{closure}()
#14 C:\\xampp\\htdocs\\internet-tehnologije-2024-projekat-vebaplplaniranjeputovanja_2021_0326\\itehLaravel\\vendor\\laravel\\framework\\src\\Illuminate\\Database\\Migrations\\Migrator.php(737): Illuminate\\Console\\View\\Components\\Task->render('2024_12_07_1804...', Object(Closure))
#15 C:\\xampp\\htdocs\\internet-tehnologije-2024-projekat-vebaplplaniranjeputovanja_2021_0326\\itehLaravel\\vendor\\laravel\\framework\\src\\Illuminate\\Database\\Migrations\\Migrator.php(213): Illuminate\\Database\\Migrations\\Migrator->write('Illuminate\\\\Cons...', '2024_12_07_1804...', Object(Closure))
#16 C:\\xampp\\htdocs\\internet-tehnologije-2024-projekat-vebaplplaniranjeputovanja_2021_0326\\itehLaravel\\vendor\\laravel\\framework\\src\\Illuminate\\Database\\Migrations\\Migrator.php(180): Illuminate\\Database\\Migrations\\Migrator->runUp('C:\\\\xampp\\\\htdocs...', 2, false)
#17 C:\\xampp\\htdocs\\internet-tehnologije-2024-projekat-vebaplplaniranjeputovanja_2021_0326\\itehLaravel\\vendor\\laravel\\framework\\src\\Illuminate\\Database\\Migrations\\Migrator.php(123): Illuminate\\Database\\Migrations\\Migrator->runPending(Array, Array)
#18 C:\\xampp\\htdocs\\internet-tehnologije-2024-projekat-vebaplplaniranjeputovanja_2021_0326\\itehLaravel\\vendor\\laravel\\framework\\src\\Illuminate\\Database\\Console\\Migrations\\MigrateCommand.php(116): Illuminate\\Database\\Migrations\\Migrator->run(Array, Array)
#19 C:\\xampp\\htdocs\\internet-tehnologije-2024-projekat-vebaplplaniranjeputovanja_2021_0326\\itehLaravel\\vendor\\laravel\\framework\\src\\Illuminate\\Database\\Migrations\\Migrator.php(616): Illuminate\\Database\\Console\\Migrations\\MigrateCommand->Illuminate\\Database\\Console\\Migrations\\{closure}()
#20 C:\\xampp\\htdocs\\internet-tehnologije-2024-projekat-vebaplplaniranjeputovanja_2021_0326\\itehLaravel\\vendor\\laravel\\framework\\src\\Illuminate\\Database\\Console\\Migrations\\MigrateCommand.php(109): Illuminate\\Database\\Migrations\\Migrator->usingConnection(NULL, Object(Closure))
#21 C:\\xampp\\htdocs\\internet-tehnologije-2024-projekat-vebaplplaniranjeputovanja_2021_0326\\itehLaravel\\vendor\\laravel\\framework\\src\\Illuminate\\Database\\Console\\Migrations\\MigrateCommand.php(88): Illuminate\\Database\\Console\\Migrations\\MigrateCommand->runMigrations()
#22 C:\\xampp\\htdocs\\internet-tehnologije-2024-projekat-vebaplplaniranjeputovanja_2021_0326\\itehLaravel\\vendor\\laravel\\framework\\src\\Illuminate\\Container\\BoundMethod.php(36): Illuminate\\Database\\Console\\Migrations\\MigrateCommand->handle()
#23 C:\\xampp\\htdocs\\internet-tehnologije-2024-projekat-vebaplplaniranjeputovanja_2021_0326\\itehLaravel\\vendor\\laravel\\framework\\src\\Illuminate\\Container\\Util.php(43): Illuminate\\Container\\BoundMethod::Illuminate\\Container\\{closure}()
#24 C:\\xampp\\htdocs\\internet-tehnologije-2024-projekat-vebaplplaniranjeputovanja_2021_0326\\itehLaravel\\vendor\\laravel\\framework\\src\\Illuminate\\Container\\BoundMethod.php(95): Illuminate\\Container\\Util::unwrapIfClosure(Object(Closure))
#25 C:\\xampp\\htdocs\\internet-tehnologije-2024-projekat-vebaplplaniranjeputovanja_2021_0326\\itehLaravel\\vendor\\laravel\\framework\\src\\Illuminate\\Container\\BoundMethod.php(35): Illuminate\\Container\\BoundMethod::callBoundMethod(Object(Illuminate\\Foundation\\Application), Array, Object(Closure))
#26 C:\\xampp\\htdocs\\internet-tehnologije-2024-projekat-vebaplplaniranjeputovanja_2021_0326\\itehLaravel\\vendor\\laravel\\framework\\src\\Illuminate\\Container\\Container.php(694): Illuminate\\Container\\BoundMethod::call(Object(Illuminate\\Foundation\\Application), Array, Array, NULL)
#27 C:\\xampp\\htdocs\\internet-tehnologije-2024-projekat-vebaplplaniranjeputovanja_2021_0326\\itehLaravel\\vendor\\laravel\\framework\\src\\Illuminate\\Console\\Command.php(213): Illuminate\\Container\\Container->call(Array)
#28 C:\\xampp\\htdocs\\internet-tehnologije-2024-projekat-vebaplplaniranjeputovanja_2021_0326\\itehLaravel\\vendor\\symfony\\console\\Command\\Command.php(279): Illuminate\\Console\\Command->execute(Object(Symfony\\Component\\Console\\Input\\ArgvInput), Object(Illuminate\\Console\\OutputStyle))
#29 C:\\xampp\\htdocs\\internet-tehnologije-2024-projekat-vebaplplaniranjeputovanja_2021_0326\\itehLaravel\\vendor\\laravel\\framework\\src\\Illuminate\\Console\\Command.php(182): Symfony\\Component\\Console\\Command\\Command->run(Object(Symfony\\Component\\Console\\Input\\ArgvInput), Object(Illuminate\\Console\\OutputStyle))
#30 C:\\xampp\\htdocs\\internet-tehnologije-2024-projekat-vebaplplaniranjeputovanja_2021_0326\\itehLaravel\\vendor\\symfony\\console\\Application.php(1094): Illuminate\\Console\\Command->run(Object(Symfony\\Component\\Console\\Input\\ArgvInput), Object(Symfony\\Component\\Console\\Output\\ConsoleOutput))
#31 C:\\xampp\\htdocs\\internet-tehnologije-2024-projekat-vebaplplaniranjeputovanja_2021_0326\\itehLaravel\\vendor\\symfony\\console\\Application.php(342): Symfony\\Component\\Console\\Application->doRunCommand(Object(Illuminate\\Database\\Console\\Migrations\\MigrateCommand), Object(Symfony\\Component\\Console\\Input\\ArgvInput), Object(Symfony\\Component\\Console\\Output\\ConsoleOutput))
#32 C:\\xampp\\htdocs\\internet-tehnologije-2024-projekat-vebaplplaniranjeputovanja_2021_0326\\itehLaravel\\vendor\\symfony\\console\\Application.php(193): Symfony\\Component\\Console\\Application->doRun(Object(Symfony\\Component\\Console\\Input\\ArgvInput), Object(Symfony\\Component\\Console\\Output\\ConsoleOutput))
#33 C:\\xampp\\htdocs\\internet-tehnologije-2024-projekat-vebaplplaniranjeputovanja_2021_0326\\itehLaravel\\vendor\\laravel\\framework\\src\\Illuminate\\Foundation\\Console\\Kernel.php(198): Symfony\\Component\\Console\\Application->run(Object(Symfony\\Component\\Console\\Input\\ArgvInput), Object(Symfony\\Component\\Console\\Output\\ConsoleOutput))
#34 C:\\xampp\\htdocs\\internet-tehnologije-2024-projekat-vebaplplaniranjeputovanja_2021_0326\\itehLaravel\\vendor\\laravel\\framework\\src\\Illuminate\\Foundation\\Application.php(1205): Illuminate\\Foundation\\Console\\Kernel->handle(Object(Symfony\\Component\\Console\\Input\\ArgvInput), Object(Symfony\\Component\\Console\\Output\\ConsoleOutput))
#35 C:\\xampp\\htdocs\\internet-tehnologije-2024-projekat-vebaplplaniranjeputovanja_2021_0326\\itehLaravel\\artisan(13): Illuminate\\Foundation\\Application->handleCommand(Object(Symfony\\Component\\Console\\Input\\ArgvInput))
#36 {main}
"} 
[2025-01-04 17:19:11] local.ERROR: SQLSTATE[42S01]: Base table or view already exists: 1050 Table 'trip_plans' already exists (Connection: mysql, SQL: create table `trip_plans` (`id` bigint unsigned not null auto_increment primary key, `user_id` bigint unsigned not null, `budget` decimal(10, 2) not null, `destination_id` bigint unsigned not null, `created_at` timestamp null, `updated_at` timestamp null) default character set utf8mb4 collate 'utf8mb4_unicode_ci') {"exception":"[object] (Illuminate\\Database\\QueryException(code: 42S01): SQLSTATE[42S01]: Base table or view already exists: 1050 Table 'trip_plans' already exists (Connection: mysql, SQL: create table `trip_plans` (`id` bigint unsigned not null auto_increment primary key, `user_id` bigint unsigned not null, `budget` decimal(10, 2) not null, `destination_id` bigint unsigned not null, `created_at` timestamp null, `updated_at` timestamp null) default character set utf8mb4 collate 'utf8mb4_unicode_ci') at C:\\xampp\\htdocs\\internet-tehnologije-2024-projekat-vebaplplaniranjeputovanja_2021_0326\\itehLaravel\\vendor\\laravel\\framework\\src\\Illuminate\\Database\\Connection.php:825)
[stacktrace]
#0 C:\\xampp\\htdocs\\internet-tehnologije-2024-projekat-vebaplplaniranjeputovanja_2021_0326\\itehLaravel\\vendor\\laravel\\framework\\src\\Illuminate\\Database\\Connection.php(779): Illuminate\\Database\\Connection->runQueryCallback('create table `t...', Array, Object(Closure))
#1 C:\\xampp\\htdocs\\internet-tehnologije-2024-projekat-vebaplplaniranjeputovanja_2021_0326\\itehLaravel\\vendor\\laravel\\framework\\src\\Illuminate\\Database\\Connection.php(560): Illuminate\\Database\\Connection->run('create table `t...', Array, Object(Closure))
#2 C:\\xampp\\htdocs\\internet-tehnologije-2024-projekat-vebaplplaniranjeputovanja_2021_0326\\itehLaravel\\vendor\\laravel\\framework\\src\\Illuminate\\Database\\Schema\\Blueprint.php(118): Illuminate\\Database\\Connection->statement('create table `t...')
#3 C:\\xampp\\htdocs\\internet-tehnologije-2024-projekat-vebaplplaniranjeputovanja_2021_0326\\itehLaravel\\vendor\\laravel\\framework\\src\\Illuminate\\Database\\Schema\\Builder.php(564): Illuminate\\Database\\Schema\\Blueprint->build(Object(Illuminate\\Database\\MySqlConnection), Object(Illuminate\\Database\\Schema\\Grammars\\MySqlGrammar))
#4 C:\\xampp\\htdocs\\internet-tehnologije-2024-projekat-vebaplplaniranjeputovanja_2021_0326\\itehLaravel\\vendor\\laravel\\framework\\src\\Illuminate\\Database\\Schema\\Builder.php(418): Illuminate\\Database\\Schema\\Builder->build(Object(Illuminate\\Database\\Schema\\Blueprint))
#5 C:\\xampp\\htdocs\\internet-tehnologije-2024-projekat-vebaplplaniranjeputovanja_2021_0326\\itehLaravel\\vendor\\laravel\\framework\\src\\Illuminate\\Support\\Facades\\Facade.php(361): Illuminate\\Database\\Schema\\Builder->create('trip_plans', Object(Closure))
#6 C:\\xampp\\htdocs\\internet-tehnologije-2024-projekat-vebaplplaniranjeputovanja_2021_0326\\itehLaravel\\database\\migrations\\2024_12_07_180436_create_trip_plans_table.php(14): Illuminate\\Support\\Facades\\Facade::__callStatic('create', Array)
#7 C:\\xampp\\htdocs\\internet-tehnologije-2024-projekat-vebaplplaniranjeputovanja_2021_0326\\itehLaravel\\vendor\\laravel\\framework\\src\\Illuminate\\Database\\Migrations\\Migrator.php(476): Illuminate\\Database\\Migrations\\Migration@anonymous->up()
#8 C:\\xampp\\htdocs\\internet-tehnologije-2024-projekat-vebaplplaniranjeputovanja_2021_0326\\itehLaravel\\vendor\\laravel\\framework\\src\\Illuminate\\Database\\Migrations\\Migrator.php(401): Illuminate\\Database\\Migrations\\Migrator->runMethod(Object(Illuminate\\Database\\MySqlConnection), Object(Illuminate\\Database\\Migrations\\Migration@anonymous), 'up')
#9 C:\\xampp\\htdocs\\internet-tehnologije-2024-projekat-vebaplplaniranjeputovanja_2021_0326\\itehLaravel\\vendor\\laravel\\framework\\src\\Illuminate\\Database\\Migrations\\Migrator.php(410): Illuminate\\Database\\Migrations\\Migrator->Illuminate\\Database\\Migrations\\{closure}()
#10 C:\\xampp\\htdocs\\internet-tehnologije-2024-projekat-vebaplplaniranjeputovanja_2021_0326\\itehLaravel\\vendor\\laravel\\framework\\src\\Illuminate\\Database\\Migrations\\Migrator.php(213): Illuminate\\Database\\Migrations\\Migrator->runMigration(Object(Illuminate\\Database\\Migrations\\Migration@anonymous), 'up')
#11 C:\\xampp\\htdocs\\internet-tehnologije-2024-projekat-vebaplplaniranjeputovanja_2021_0326\\itehLaravel\\vendor\\laravel\\framework\\src\\Illuminate\\Console\\View\\Components\\Task.php(40): Illuminate\\Database\\Migrations\\Migrator->Illuminate\\Database\\Migrations\\{closure}()
#12 C:\\xampp\\htdocs\\internet-tehnologije-2024-projekat-vebaplplaniranjeputovanja_2021_0326\\itehLaravel\\vendor\\laravel\\framework\\src\\Illuminate\\Database\\Migrations\\Migrator.php(737): Illuminate\\Console\\View\\Components\\Task->render('2024_12_07_1804...', Object(Closure))
#13 C:\\xampp\\htdocs\\internet-tehnologije-2024-projekat-vebaplplaniranjeputovanja_2021_0326\\itehLaravel\\vendor\\laravel\\framework\\src\\Illuminate\\Database\\Migrations\\Migrator.php(213): Illuminate\\Database\\Migrations\\Migrator->write('Illuminate\\\\Cons...', '2024_12_07_1804...', Object(Closure))
#14 C:\\xampp\\htdocs\\internet-tehnologije-2024-projekat-vebaplplaniranjeputovanja_2021_0326\\itehLaravel\\vendor\\laravel\\framework\\src\\Illuminate\\Database\\Migrations\\Migrator.php(180): Illuminate\\Database\\Migrations\\Migrator->runUp('C:\\\\xampp\\\\htdocs...', 2, false)
#15 C:\\xampp\\htdocs\\internet-tehnologije-2024-projekat-vebaplplaniranjeputovanja_2021_0326\\itehLaravel\\vendor\\laravel\\framework\\src\\Illuminate\\Database\\Migrations\\Migrator.php(123): Illuminate\\Database\\Migrations\\Migrator->runPending(Array, Array)
#16 C:\\xampp\\htdocs\\internet-tehnologije-2024-projekat-vebaplplaniranjeputovanja_2021_0326\\itehLaravel\\vendor\\laravel\\framework\\src\\Illuminate\\Database\\Console\\Migrations\\MigrateCommand.php(116): Illuminate\\Database\\Migrations\\Migrator->run(Array, Array)
#17 C:\\xampp\\htdocs\\internet-tehnologije-2024-projekat-vebaplplaniranjeputovanja_2021_0326\\itehLaravel\\vendor\\laravel\\framework\\src\\Illuminate\\Database\\Migrations\\Migrator.php(616): Illuminate\\Database\\Console\\Migrations\\MigrateCommand->Illuminate\\Database\\Console\\Migrations\\{closure}()
#18 C:\\xampp\\htdocs\\internet-tehnologije-2024-projekat-vebaplplaniranjeputovanja_2021_0326\\itehLaravel\\vendor\\laravel\\framework\\src\\Illuminate\\Database\\Console\\Migrations\\MigrateCommand.php(109): Illuminate\\Database\\Migrations\\Migrator->usingConnection(NULL, Object(Closure))
#19 C:\\xampp\\htdocs\\internet-tehnologije-2024-projekat-vebaplplaniranjeputovanja_2021_0326\\itehLaravel\\vendor\\laravel\\framework\\src\\Illuminate\\Database\\Console\\Migrations\\MigrateCommand.php(88): Illuminate\\Database\\Console\\Migrations\\MigrateCommand->runMigrations()
#20 C:\\xampp\\htdocs\\internet-tehnologije-2024-projekat-vebaplplaniranjeputovanja_2021_0326\\itehLaravel\\vendor\\laravel\\framework\\src\\Illuminate\\Container\\BoundMethod.php(36): Illuminate\\Database\\Console\\Migrations\\MigrateCommand->handle()
#21 C:\\xampp\\htdocs\\internet-tehnologije-2024-projekat-vebaplplaniranjeputovanja_2021_0326\\itehLaravel\\vendor\\laravel\\framework\\src\\Illuminate\\Container\\Util.php(43): Illuminate\\Container\\BoundMethod::Illuminate\\Container\\{closure}()
#22 C:\\xampp\\htdocs\\internet-tehnologije-2024-projekat-vebaplplaniranjeputovanja_2021_0326\\itehLaravel\\vendor\\laravel\\framework\\src\\Illuminate\\Container\\BoundMethod.php(95): Illuminate\\Container\\Util::unwrapIfClosure(Object(Closure))
#23 C:\\xampp\\htdocs\\internet-tehnologije-2024-projekat-vebaplplaniranjeputovanja_2021_0326\\itehLaravel\\vendor\\laravel\\framework\\src\\Illuminate\\Container\\BoundMethod.php(35): Illuminate\\Container\\BoundMethod::callBoundMethod(Object(Illuminate\\Foundation\\Application), Array, Object(Closure))
#24 C:\\xampp\\htdocs\\internet-tehnologije-2024-projekat-vebaplplaniranjeputovanja_2021_0326\\itehLaravel\\vendor\\laravel\\framework\\src\\Illuminate\\Container\\Container.php(694): Illuminate\\Container\\BoundMethod::call(Object(Illuminate\\Foundation\\Application), Array, Array, NULL)
#25 C:\\xampp\\htdocs\\internet-tehnologije-2024-projekat-vebaplplaniranjeputovanja_2021_0326\\itehLaravel\\vendor\\laravel\\framework\\src\\Illuminate\\Console\\Command.php(213): Illuminate\\Container\\Container->call(Array)
#26 C:\\xampp\\htdocs\\internet-tehnologije-2024-projekat-vebaplplaniranjeputovanja_2021_0326\\itehLaravel\\vendor\\symfony\\console\\Command\\Command.php(279): Illuminate\\Console\\Command->execute(Object(Symfony\\Component\\Console\\Input\\ArgvInput), Object(Illuminate\\Console\\OutputStyle))
#27 C:\\xampp\\htdocs\\internet-tehnologije-2024-projekat-vebaplplaniranjeputovanja_2021_0326\\itehLaravel\\vendor\\laravel\\framework\\src\\Illuminate\\Console\\Command.php(182): Symfony\\Component\\Console\\Command\\Command->run(Object(Symfony\\Component\\Console\\Input\\ArgvInput), Object(Illuminate\\Console\\OutputStyle))
#28 C:\\xampp\\htdocs\\internet-tehnologije-2024-projekat-vebaplplaniranjeputovanja_2021_0326\\itehLaravel\\vendor\\symfony\\console\\Application.php(1094): Illuminate\\Console\\Command->run(Object(Symfony\\Component\\Console\\Input\\ArgvInput), Object(Symfony\\Component\\Console\\Output\\ConsoleOutput))
#29 C:\\xampp\\htdocs\\internet-tehnologije-2024-projekat-vebaplplaniranjeputovanja_2021_0326\\itehLaravel\\vendor\\symfony\\console\\Application.php(342): Symfony\\Component\\Console\\Application->doRunCommand(Object(Illuminate\\Database\\Console\\Migrations\\MigrateCommand), Object(Symfony\\Component\\Console\\Input\\ArgvInput), Object(Symfony\\Component\\Console\\Output\\ConsoleOutput))
#30 C:\\xampp\\htdocs\\internet-tehnologije-2024-projekat-vebaplplaniranjeputovanja_2021_0326\\itehLaravel\\vendor\\symfony\\console\\Application.php(193): Symfony\\Component\\Console\\Application->doRun(Object(Symfony\\Component\\Console\\Input\\ArgvInput), Object(Symfony\\Component\\Console\\Output\\ConsoleOutput))
#31 C:\\xampp\\htdocs\\internet-tehnologije-2024-projekat-vebaplplaniranjeputovanja_2021_0326\\itehLaravel\\vendor\\laravel\\framework\\src\\Illuminate\\Foundation\\Console\\Kernel.php(198): Symfony\\Component\\Console\\Application->run(Object(Symfony\\Component\\Console\\Input\\ArgvInput), Object(Symfony\\Component\\Console\\Output\\ConsoleOutput))
#32 C:\\xampp\\htdocs\\internet-tehnologije-2024-projekat-vebaplplaniranjeputovanja_2021_0326\\itehLaravel\\vendor\\laravel\\framework\\src\\Illuminate\\Foundation\\Application.php(1205): Illuminate\\Foundation\\Console\\Kernel->handle(Object(Symfony\\Component\\Console\\Input\\ArgvInput), Object(Symfony\\Component\\Console\\Output\\ConsoleOutput))
#33 C:\\xampp\\htdocs\\internet-tehnologije-2024-projekat-vebaplplaniranjeputovanja_2021_0326\\itehLaravel\\artisan(13): Illuminate\\Foundation\\Application->handleCommand(Object(Symfony\\Component\\Console\\Input\\ArgvInput))
#34 {main}

[previous exception] [object] (PDOException(code: 42S01): SQLSTATE[42S01]: Base table or view already exists: 1050 Table 'trip_plans' already exists at C:\\xampp\\htdocs\\internet-tehnologije-2024-projekat-vebaplplaniranjeputovanja_2021_0326\\itehLaravel\\vendor\\laravel\\framework\\src\\Illuminate\\Database\\Connection.php:571)
[stacktrace]
#0 C:\\xampp\\htdocs\\internet-tehnologije-2024-projekat-vebaplplaniranjeputovanja_2021_0326\\itehLaravel\\vendor\\laravel\\framework\\src\\Illuminate\\Database\\Connection.php(571): PDOStatement->execute()
#1 C:\\xampp\\htdocs\\internet-tehnologije-2024-projekat-vebaplplaniranjeputovanja_2021_0326\\itehLaravel\\vendor\\laravel\\framework\\src\\Illuminate\\Database\\Connection.php(812): Illuminate\\Database\\Connection->Illuminate\\Database\\{closure}('create table `t...', Array)
#2 C:\\xampp\\htdocs\\internet-tehnologije-2024-projekat-vebaplplaniranjeputovanja_2021_0326\\itehLaravel\\vendor\\laravel\\framework\\src\\Illuminate\\Database\\Connection.php(779): Illuminate\\Database\\Connection->runQueryCallback('create table `t...', Array, Object(Closure))
#3 C:\\xampp\\htdocs\\internet-tehnologije-2024-projekat-vebaplplaniranjeputovanja_2021_0326\\itehLaravel\\vendor\\laravel\\framework\\src\\Illuminate\\Database\\Connection.php(560): Illuminate\\Database\\Connection->run('create table `t...', Array, Object(Closure))
#4 C:\\xampp\\htdocs\\internet-tehnologije-2024-projekat-vebaplplaniranjeputovanja_2021_0326\\itehLaravel\\vendor\\laravel\\framework\\src\\Illuminate\\Database\\Schema\\Blueprint.php(118): Illuminate\\Database\\Connection->statement('create table `t...')
#5 C:\\xampp\\htdocs\\internet-tehnologije-2024-projekat-vebaplplaniranjeputovanja_2021_0326\\itehLaravel\\vendor\\laravel\\framework\\src\\Illuminate\\Database\\Schema\\Builder.php(564): Illuminate\\Database\\Schema\\Blueprint->build(Object(Illuminate\\Database\\MySqlConnection), Object(Illuminate\\Database\\Schema\\Grammars\\MySqlGrammar))
#6 C:\\xampp\\htdocs\\internet-tehnologije-2024-projekat-vebaplplaniranjeputovanja_2021_0326\\itehLaravel\\vendor\\laravel\\framework\\src\\Illuminate\\Database\\Schema\\Builder.php(418): Illuminate\\Database\\Schema\\Builder->build(Object(Illuminate\\Database\\Schema\\Blueprint))
#7 C:\\xampp\\htdocs\\internet-tehnologije-2024-projekat-vebaplplaniranjeputovanja_2021_0326\\itehLaravel\\vendor\\laravel\\framework\\src\\Illuminate\\Support\\Facades\\Facade.php(361): Illuminate\\Database\\Schema\\Builder->create('trip_plans', Object(Closure))
#8 C:\\xampp\\htdocs\\internet-tehnologije-2024-projekat-vebaplplaniranjeputovanja_2021_0326\\itehLaravel\\database\\migrations\\2024_12_07_180436_create_trip_plans_table.php(14): Illuminate\\Support\\Facades\\Facade::__callStatic('create', Array)
#9 C:\\xampp\\htdocs\\internet-tehnologije-2024-projekat-vebaplplaniranjeputovanja_2021_0326\\itehLaravel\\vendor\\laravel\\framework\\src\\Illuminate\\Database\\Migrations\\Migrator.php(476): Illuminate\\Database\\Migrations\\Migration@anonymous->up()
#10 C:\\xampp\\htdocs\\internet-tehnologije-2024-projekat-vebaplplaniranjeputovanja_2021_0326\\itehLaravel\\vendor\\laravel\\framework\\src\\Illuminate\\Database\\Migrations\\Migrator.php(401): Illuminate\\Database\\Migrations\\Migrator->runMethod(Object(Illuminate\\Database\\MySqlConnection), Object(Illuminate\\Database\\Migrations\\Migration@anonymous), 'up')
#11 C:\\xampp\\htdocs\\internet-tehnologije-2024-projekat-vebaplplaniranjeputovanja_2021_0326\\itehLaravel\\vendor\\laravel\\framework\\src\\Illuminate\\Database\\Migrations\\Migrator.php(410): Illuminate\\Database\\Migrations\\Migrator->Illuminate\\Database\\Migrations\\{closure}()
#12 C:\\xampp\\htdocs\\internet-tehnologije-2024-projekat-vebaplplaniranjeputovanja_2021_0326\\itehLaravel\\vendor\\laravel\\framework\\src\\Illuminate\\Database\\Migrations\\Migrator.php(213): Illuminate\\Database\\Migrations\\Migrator->runMigration(Object(Illuminate\\Database\\Migrations\\Migration@anonymous), 'up')
#13 C:\\xampp\\htdocs\\internet-tehnologije-2024-projekat-vebaplplaniranjeputovanja_2021_0326\\itehLaravel\\vendor\\laravel\\framework\\src\\Illuminate\\Console\\View\\Components\\Task.php(40): Illuminate\\Database\\Migrations\\Migrator->Illuminate\\Database\\Migrations\\{closure}()
#14 C:\\xampp\\htdocs\\internet-tehnologije-2024-projekat-vebaplplaniranjeputovanja_2021_0326\\itehLaravel\\vendor\\laravel\\framework\\src\\Illuminate\\Database\\Migrations\\Migrator.php(737): Illuminate\\Console\\View\\Components\\Task->render('2024_12_07_1804...', Object(Closure))
#15 C:\\xampp\\htdocs\\internet-tehnologije-2024-projekat-vebaplplaniranjeputovanja_2021_0326\\itehLaravel\\vendor\\laravel\\framework\\src\\Illuminate\\Database\\Migrations\\Migrator.php(213): Illuminate\\Database\\Migrations\\Migrator->write('Illuminate\\\\Cons...', '2024_12_07_1804...', Object(Closure))
#16 C:\\xampp\\htdocs\\internet-tehnologije-2024-projekat-vebaplplaniranjeputovanja_2021_0326\\itehLaravel\\vendor\\laravel\\framework\\src\\Illuminate\\Database\\Migrations\\Migrator.php(180): Illuminate\\Database\\Migrations\\Migrator->runUp('C:\\\\xampp\\\\htdocs...', 2, false)
#17 C:\\xampp\\htdocs\\internet-tehnologije-2024-projekat-vebaplplaniranjeputovanja_2021_0326\\itehLaravel\\vendor\\laravel\\framework\\src\\Illuminate\\Database\\Migrations\\Migrator.php(123): Illuminate\\Database\\Migrations\\Migrator->runPending(Array, Array)
#18 C:\\xampp\\htdocs\\internet-tehnologije-2024-projekat-vebaplplaniranjeputovanja_2021_0326\\itehLaravel\\vendor\\laravel\\framework\\src\\Illuminate\\Database\\Console\\Migrations\\MigrateCommand.php(116): Illuminate\\Database\\Migrations\\Migrator->run(Array, Array)
#19 C:\\xampp\\htdocs\\internet-tehnologije-2024-projekat-vebaplplaniranjeputovanja_2021_0326\\itehLaravel\\vendor\\laravel\\framework\\src\\Illuminate\\Database\\Migrations\\Migrator.php(616): Illuminate\\Database\\Console\\Migrations\\MigrateCommand->Illuminate\\Database\\Console\\Migrations\\{closure}()
#20 C:\\xampp\\htdocs\\internet-tehnologije-2024-projekat-vebaplplaniranjeputovanja_2021_0326\\itehLaravel\\vendor\\laravel\\framework\\src\\Illuminate\\Database\\Console\\Migrations\\MigrateCommand.php(109): Illuminate\\Database\\Migrations\\Migrator->usingConnection(NULL, Object(Closure))
#21 C:\\xampp\\htdocs\\internet-tehnologije-2024-projekat-vebaplplaniranjeputovanja_2021_0326\\itehLaravel\\vendor\\laravel\\framework\\src\\Illuminate\\Database\\Console\\Migrations\\MigrateCommand.php(88): Illuminate\\Database\\Console\\Migrations\\MigrateCommand->runMigrations()
#22 C:\\xampp\\htdocs\\internet-tehnologije-2024-projekat-vebaplplaniranjeputovanja_2021_0326\\itehLaravel\\vendor\\laravel\\framework\\src\\Illuminate\\Container\\BoundMethod.php(36): Illuminate\\Database\\Console\\Migrations\\MigrateCommand->handle()
#23 C:\\xampp\\htdocs\\internet-tehnologije-2024-projekat-vebaplplaniranjeputovanja_2021_0326\\itehLaravel\\vendor\\laravel\\framework\\src\\Illuminate\\Container\\Util.php(43): Illuminate\\Container\\BoundMethod::Illuminate\\Container\\{closure}()
#24 C:\\xampp\\htdocs\\internet-tehnologije-2024-projekat-vebaplplaniranjeputovanja_2021_0326\\itehLaravel\\vendor\\laravel\\framework\\src\\Illuminate\\Container\\BoundMethod.php(95): Illuminate\\Container\\Util::unwrapIfClosure(Object(Closure))
#25 C:\\xampp\\htdocs\\internet-tehnologije-2024-projekat-vebaplplaniranjeputovanja_2021_0326\\itehLaravel\\vendor\\laravel\\framework\\src\\Illuminate\\Container\\BoundMethod.php(35): Illuminate\\Container\\BoundMethod::callBoundMethod(Object(Illuminate\\Foundation\\Application), Array, Object(Closure))
#26 C:\\xampp\\htdocs\\internet-tehnologije-2024-projekat-vebaplplaniranjeputovanja_2021_0326\\itehLaravel\\vendor\\laravel\\framework\\src\\Illuminate\\Container\\Container.php(694): Illuminate\\Container\\BoundMethod::call(Object(Illuminate\\Foundation\\Application), Array, Array, NULL)
#27 C:\\xampp\\htdocs\\internet-tehnologije-2024-projekat-vebaplplaniranjeputovanja_2021_0326\\itehLaravel\\vendor\\laravel\\framework\\src\\Illuminate\\Console\\Command.php(213): Illuminate\\Container\\Container->call(Array)
#28 C:\\xampp\\htdocs\\internet-tehnologije-2024-projekat-vebaplplaniranjeputovanja_2021_0326\\itehLaravel\\vendor\\symfony\\console\\Command\\Command.php(279): Illuminate\\Console\\Command->execute(Object(Symfony\\Component\\Console\\Input\\ArgvInput), Object(Illuminate\\Console\\OutputStyle))
#29 C:\\xampp\\htdocs\\internet-tehnologije-2024-projekat-vebaplplaniranjeputovanja_2021_0326\\itehLaravel\\vendor\\laravel\\framework\\src\\Illuminate\\Console\\Command.php(182): Symfony\\Component\\Console\\Command\\Command->run(Object(Symfony\\Component\\Console\\Input\\ArgvInput), Object(Illuminate\\Console\\OutputStyle))
#30 C:\\xampp\\htdocs\\internet-tehnologije-2024-projekat-vebaplplaniranjeputovanja_2021_0326\\itehLaravel\\vendor\\symfony\\console\\Application.php(1094): Illuminate\\Console\\Command->run(Object(Symfony\\Component\\Console\\Input\\ArgvInput), Object(Symfony\\Component\\Console\\Output\\ConsoleOutput))
#31 C:\\xampp\\htdocs\\internet-tehnologije-2024-projekat-vebaplplaniranjeputovanja_2021_0326\\itehLaravel\\vendor\\symfony\\console\\Application.php(342): Symfony\\Component\\Console\\Application->doRunCommand(Object(Illuminate\\Database\\Console\\Migrations\\MigrateCommand), Object(Symfony\\Component\\Console\\Input\\ArgvInput), Object(Symfony\\Component\\Console\\Output\\ConsoleOutput))
#32 C:\\xampp\\htdocs\\internet-tehnologije-2024-projekat-vebaplplaniranjeputovanja_2021_0326\\itehLaravel\\vendor\\symfony\\console\\Application.php(193): Symfony\\Component\\Console\\Application->doRun(Object(Symfony\\Component\\Console\\Input\\ArgvInput), Object(Symfony\\Component\\Console\\Output\\ConsoleOutput))
#33 C:\\xampp\\htdocs\\internet-tehnologije-2024-projekat-vebaplplaniranjeputovanja_2021_0326\\itehLaravel\\vendor\\laravel\\framework\\src\\Illuminate\\Foundation\\Console\\Kernel.php(198): Symfony\\Component\\Console\\Application->run(Object(Symfony\\Component\\Console\\Input\\ArgvInput), Object(Symfony\\Component\\Console\\Output\\ConsoleOutput))
#34 C:\\xampp\\htdocs\\internet-tehnologije-2024-projekat-vebaplplaniranjeputovanja_2021_0326\\itehLaravel\\vendor\\laravel\\framework\\src\\Illuminate\\Foundation\\Application.php(1205): Illuminate\\Foundation\\Console\\Kernel->handle(Object(Symfony\\Component\\Console\\Input\\ArgvInput), Object(Symfony\\Component\\Console\\Output\\ConsoleOutput))
#35 C:\\xampp\\htdocs\\internet-tehnologije-2024-projekat-vebaplplaniranjeputovanja_2021_0326\\itehLaravel\\artisan(13): Illuminate\\Foundation\\Application->handleCommand(Object(Symfony\\Component\\Console\\Input\\ArgvInput))
#36 {main}
"} 
[2025-01-04 17:23:08] local.ERROR: SQLSTATE[HY000]: General error: 1005 Can't create table `itehlaravel`.`favorites_attraction` (errno: 150 "Foreign key constraint is incorrectly formed") (Connection: mysql, SQL: alter table `favorites_attraction` add constraint `favorites_attraction_attraction_id_foreign` foreign key (`attraction_id`) references `attractions` (`id`) on delete cascade) {"exception":"[object] (Illuminate\\Database\\QueryException(code: HY000): SQLSTATE[HY000]: General error: 1005 Can't create table `itehlaravel`.`favorites_attraction` (errno: 150 \"Foreign key constraint is incorrectly formed\") (Connection: mysql, SQL: alter table `favorites_attraction` add constraint `favorites_attraction_attraction_id_foreign` foreign key (`attraction_id`) references `attractions` (`id`) on delete cascade) at C:\\xampp\\htdocs\\internet-tehnologije-2024-projekat-vebaplplaniranjeputovanja_2021_0326\\itehLaravel\\vendor\\laravel\\framework\\src\\Illuminate\\Database\\Connection.php:825)
[stacktrace]
#0 C:\\xampp\\htdocs\\internet-tehnologije-2024-projekat-vebaplplaniranjeputovanja_2021_0326\\itehLaravel\\vendor\\laravel\\framework\\src\\Illuminate\\Database\\Connection.php(779): Illuminate\\Database\\Connection->runQueryCallback('alter table `fa...', Array, Object(Closure))
#1 C:\\xampp\\htdocs\\internet-tehnologije-2024-projekat-vebaplplaniranjeputovanja_2021_0326\\itehLaravel\\vendor\\laravel\\framework\\src\\Illuminate\\Database\\Connection.php(560): Illuminate\\Database\\Connection->run('alter table `fa...', Array, Object(Closure))
#2 C:\\xampp\\htdocs\\internet-tehnologije-2024-projekat-vebaplplaniranjeputovanja_2021_0326\\itehLaravel\\vendor\\laravel\\framework\\src\\Illuminate\\Database\\Schema\\Blueprint.php(118): Illuminate\\Database\\Connection->statement('alter table `fa...')
#3 C:\\xampp\\htdocs\\internet-tehnologije-2024-projekat-vebaplplaniranjeputovanja_2021_0326\\itehLaravel\\vendor\\laravel\\framework\\src\\Illuminate\\Database\\Schema\\Builder.php(564): Illuminate\\Database\\Schema\\Blueprint->build(Object(Illuminate\\Database\\MySqlConnection), Object(Illuminate\\Database\\Schema\\Grammars\\MySqlGrammar))
#4 C:\\xampp\\htdocs\\internet-tehnologije-2024-projekat-vebaplplaniranjeputovanja_2021_0326\\itehLaravel\\vendor\\laravel\\framework\\src\\Illuminate\\Database\\Schema\\Builder.php(418): Illuminate\\Database\\Schema\\Builder->build(Object(Illuminate\\Database\\Schema\\Blueprint))
#5 C:\\xampp\\htdocs\\internet-tehnologije-2024-projekat-vebaplplaniranjeputovanja_2021_0326\\itehLaravel\\vendor\\laravel\\framework\\src\\Illuminate\\Support\\Facades\\Facade.php(361): Illuminate\\Database\\Schema\\Builder->create('favorites_attra...', Object(Closure))
#6 C:\\xampp\\htdocs\\internet-tehnologije-2024-projekat-vebaplplaniranjeputovanja_2021_0326\\itehLaravel\\database\\migrations\\2025_01_04_154937_create_favorites_attraction_table.php(14): Illuminate\\Support\\Facades\\Facade::__callStatic('create', Array)
#7 C:\\xampp\\htdocs\\internet-tehnologije-2024-projekat-vebaplplaniranjeputovanja_2021_0326\\itehLaravel\\vendor\\laravel\\framework\\src\\Illuminate\\Database\\Migrations\\Migrator.php(476): Illuminate\\Database\\Migrations\\Migration@anonymous->up()
#8 C:\\xampp\\htdocs\\internet-tehnologije-2024-projekat-vebaplplaniranjeputovanja_2021_0326\\itehLaravel\\vendor\\laravel\\framework\\src\\Illuminate\\Database\\Migrations\\Migrator.php(401): Illuminate\\Database\\Migrations\\Migrator->runMethod(Object(Illuminate\\Database\\MySqlConnection), Object(Illuminate\\Database\\Migrations\\Migration@anonymous), 'up')
#9 C:\\xampp\\htdocs\\internet-tehnologije-2024-projekat-vebaplplaniranjeputovanja_2021_0326\\itehLaravel\\vendor\\laravel\\framework\\src\\Illuminate\\Database\\Migrations\\Migrator.php(410): Illuminate\\Database\\Migrations\\Migrator->Illuminate\\Database\\Migrations\\{closure}()
#10 C:\\xampp\\htdocs\\internet-tehnologije-2024-projekat-vebaplplaniranjeputovanja_2021_0326\\itehLaravel\\vendor\\laravel\\framework\\src\\Illuminate\\Database\\Migrations\\Migrator.php(213): Illuminate\\Database\\Migrations\\Migrator->runMigration(Object(Illuminate\\Database\\Migrations\\Migration@anonymous), 'up')
#11 C:\\xampp\\htdocs\\internet-tehnologije-2024-projekat-vebaplplaniranjeputovanja_2021_0326\\itehLaravel\\vendor\\laravel\\framework\\src\\Illuminate\\Console\\View\\Components\\Task.php(40): Illuminate\\Database\\Migrations\\Migrator->Illuminate\\Database\\Migrations\\{closure}()
#12 C:\\xampp\\htdocs\\internet-tehnologije-2024-projekat-vebaplplaniranjeputovanja_2021_0326\\itehLaravel\\vendor\\laravel\\framework\\src\\Illuminate\\Database\\Migrations\\Migrator.php(737): Illuminate\\Console\\View\\Components\\Task->render('2025_01_04_1549...', Object(Closure))
#13 C:\\xampp\\htdocs\\internet-tehnologije-2024-projekat-vebaplplaniranjeputovanja_2021_0326\\itehLaravel\\vendor\\laravel\\framework\\src\\Illuminate\\Database\\Migrations\\Migrator.php(213): Illuminate\\Database\\Migrations\\Migrator->write('Illuminate\\\\Cons...', '2025_01_04_1549...', Object(Closure))
#14 C:\\xampp\\htdocs\\internet-tehnologije-2024-projekat-vebaplplaniranjeputovanja_2021_0326\\itehLaravel\\vendor\\laravel\\framework\\src\\Illuminate\\Database\\Migrations\\Migrator.php(180): Illuminate\\Database\\Migrations\\Migrator->runUp('C:\\\\xampp\\\\htdocs...', 2, false)
#15 C:\\xampp\\htdocs\\internet-tehnologije-2024-projekat-vebaplplaniranjeputovanja_2021_0326\\itehLaravel\\vendor\\laravel\\framework\\src\\Illuminate\\Database\\Migrations\\Migrator.php(123): Illuminate\\Database\\Migrations\\Migrator->runPending(Array, Array)
#16 C:\\xampp\\htdocs\\internet-tehnologije-2024-projekat-vebaplplaniranjeputovanja_2021_0326\\itehLaravel\\vendor\\laravel\\framework\\src\\Illuminate\\Database\\Console\\Migrations\\MigrateCommand.php(116): Illuminate\\Database\\Migrations\\Migrator->run(Array, Array)
#17 C:\\xampp\\htdocs\\internet-tehnologije-2024-projekat-vebaplplaniranjeputovanja_2021_0326\\itehLaravel\\vendor\\laravel\\framework\\src\\Illuminate\\Database\\Migrations\\Migrator.php(616): Illuminate\\Database\\Console\\Migrations\\MigrateCommand->Illuminate\\Database\\Console\\Migrations\\{closure}()
#18 C:\\xampp\\htdocs\\internet-tehnologije-2024-projekat-vebaplplaniranjeputovanja_2021_0326\\itehLaravel\\vendor\\laravel\\framework\\src\\Illuminate\\Database\\Console\\Migrations\\MigrateCommand.php(109): Illuminate\\Database\\Migrations\\Migrator->usingConnection(NULL, Object(Closure))
#19 C:\\xampp\\htdocs\\internet-tehnologije-2024-projekat-vebaplplaniranjeputovanja_2021_0326\\itehLaravel\\vendor\\laravel\\framework\\src\\Illuminate\\Database\\Console\\Migrations\\MigrateCommand.php(88): Illuminate\\Database\\Console\\Migrations\\MigrateCommand->runMigrations()
#20 C:\\xampp\\htdocs\\internet-tehnologije-2024-projekat-vebaplplaniranjeputovanja_2021_0326\\itehLaravel\\vendor\\laravel\\framework\\src\\Illuminate\\Container\\BoundMethod.php(36): Illuminate\\Database\\Console\\Migrations\\MigrateCommand->handle()
#21 C:\\xampp\\htdocs\\internet-tehnologije-2024-projekat-vebaplplaniranjeputovanja_2021_0326\\itehLaravel\\vendor\\laravel\\framework\\src\\Illuminate\\Container\\Util.php(43): Illuminate\\Container\\BoundMethod::Illuminate\\Container\\{closure}()
#22 C:\\xampp\\htdocs\\internet-tehnologije-2024-projekat-vebaplplaniranjeputovanja_2021_0326\\itehLaravel\\vendor\\laravel\\framework\\src\\Illuminate\\Container\\BoundMethod.php(95): Illuminate\\Container\\Util::unwrapIfClosure(Object(Closure))
#23 C:\\xampp\\htdocs\\internet-tehnologije-2024-projekat-vebaplplaniranjeputovanja_2021_0326\\itehLaravel\\vendor\\laravel\\framework\\src\\Illuminate\\Container\\BoundMethod.php(35): Illuminate\\Container\\BoundMethod::callBoundMethod(Object(Illuminate\\Foundation\\Application), Array, Object(Closure))
#24 C:\\xampp\\htdocs\\internet-tehnologije-2024-projekat-vebaplplaniranjeputovanja_2021_0326\\itehLaravel\\vendor\\laravel\\framework\\src\\Illuminate\\Container\\Container.php(694): Illuminate\\Container\\BoundMethod::call(Object(Illuminate\\Foundation\\Application), Array, Array, NULL)
#25 C:\\xampp\\htdocs\\internet-tehnologije-2024-projekat-vebaplplaniranjeputovanja_2021_0326\\itehLaravel\\vendor\\laravel\\framework\\src\\Illuminate\\Console\\Command.php(213): Illuminate\\Container\\Container->call(Array)
#26 C:\\xampp\\htdocs\\internet-tehnologije-2024-projekat-vebaplplaniranjeputovanja_2021_0326\\itehLaravel\\vendor\\symfony\\console\\Command\\Command.php(279): Illuminate\\Console\\Command->execute(Object(Symfony\\Component\\Console\\Input\\ArrayInput), Object(Illuminate\\Console\\OutputStyle))
#27 C:\\xampp\\htdocs\\internet-tehnologije-2024-projekat-vebaplplaniranjeputovanja_2021_0326\\itehLaravel\\vendor\\laravel\\framework\\src\\Illuminate\\Console\\Command.php(182): Symfony\\Component\\Console\\Command\\Command->run(Object(Symfony\\Component\\Console\\Input\\ArrayInput), Object(Illuminate\\Console\\OutputStyle))
#28 C:\\xampp\\htdocs\\internet-tehnologije-2024-projekat-vebaplplaniranjeputovanja_2021_0326\\itehLaravel\\vendor\\laravel\\framework\\src\\Illuminate\\Console\\Concerns\\CallsCommands.php(68): Illuminate\\Console\\Command->run(Object(Symfony\\Component\\Console\\Input\\ArrayInput), Object(Illuminate\\Console\\OutputStyle))
#29 C:\\xampp\\htdocs\\internet-tehnologije-2024-projekat-vebaplplaniranjeputovanja_2021_0326\\itehLaravel\\vendor\\laravel\\framework\\src\\Illuminate\\Console\\Concerns\\CallsCommands.php(29): Illuminate\\Console\\Command->runCommand('migrate', Array, Object(Illuminate\\Console\\OutputStyle))
#30 C:\\xampp\\htdocs\\internet-tehnologije-2024-projekat-vebaplplaniranjeputovanja_2021_0326\\itehLaravel\\vendor\\laravel\\framework\\src\\Illuminate\\Database\\Console\\Migrations\\RefreshCommand.php(65): Illuminate\\Console\\Command->call('migrate', Array)
#31 C:\\xampp\\htdocs\\internet-tehnologije-2024-projekat-vebaplplaniranjeputovanja_2021_0326\\itehLaravel\\vendor\\laravel\\framework\\src\\Illuminate\\Container\\BoundMethod.php(36): Illuminate\\Database\\Console\\Migrations\\RefreshCommand->handle()
#32 C:\\xampp\\htdocs\\internet-tehnologije-2024-projekat-vebaplplaniranjeputovanja_2021_0326\\itehLaravel\\vendor\\laravel\\framework\\src\\Illuminate\\Container\\Util.php(43): Illuminate\\Container\\BoundMethod::Illuminate\\Container\\{closure}()
#33 C:\\xampp\\htdocs\\internet-tehnologije-2024-projekat-vebaplplaniranjeputovanja_2021_0326\\itehLaravel\\vendor\\laravel\\framework\\src\\Illuminate\\Container\\BoundMethod.php(95): Illuminate\\Container\\Util::unwrapIfClosure(Object(Closure))
#34 C:\\xampp\\htdocs\\internet-tehnologije-2024-projekat-vebaplplaniranjeputovanja_2021_0326\\itehLaravel\\vendor\\laravel\\framework\\src\\Illuminate\\Container\\BoundMethod.php(35): Illuminate\\Container\\BoundMethod::callBoundMethod(Object(Illuminate\\Foundation\\Application), Array, Object(Closure))
#35 C:\\xampp\\htdocs\\internet-tehnologije-2024-projekat-vebaplplaniranjeputovanja_2021_0326\\itehLaravel\\vendor\\laravel\\framework\\src\\Illuminate\\Container\\Container.php(694): Illuminate\\Container\\BoundMethod::call(Object(Illuminate\\Foundation\\Application), Array, Array, NULL)
#36 C:\\xampp\\htdocs\\internet-tehnologije-2024-projekat-vebaplplaniranjeputovanja_2021_0326\\itehLaravel\\vendor\\laravel\\framework\\src\\Illuminate\\Console\\Command.php(213): Illuminate\\Container\\Container->call(Array)
#37 C:\\xampp\\htdocs\\internet-tehnologije-2024-projekat-vebaplplaniranjeputovanja_2021_0326\\itehLaravel\\vendor\\symfony\\console\\Command\\Command.php(279): Illuminate\\Console\\Command->execute(Object(Symfony\\Component\\Console\\Input\\ArgvInput), Object(Illuminate\\Console\\OutputStyle))
#38 C:\\xampp\\htdocs\\internet-tehnologije-2024-projekat-vebaplplaniranjeputovanja_2021_0326\\itehLaravel\\vendor\\laravel\\framework\\src\\Illuminate\\Console\\Command.php(182): Symfony\\Component\\Console\\Command\\Command->run(Object(Symfony\\Component\\Console\\Input\\ArgvInput), Object(Illuminate\\Console\\OutputStyle))
#39 C:\\xampp\\htdocs\\internet-tehnologije-2024-projekat-vebaplplaniranjeputovanja_2021_0326\\itehLaravel\\vendor\\symfony\\console\\Application.php(1094): Illuminate\\Console\\Command->run(Object(Symfony\\Component\\Console\\Input\\ArgvInput), Object(Symfony\\Component\\Console\\Output\\ConsoleOutput))
#40 C:\\xampp\\htdocs\\internet-tehnologije-2024-projekat-vebaplplaniranjeputovanja_2021_0326\\itehLaravel\\vendor\\symfony\\console\\Application.php(342): Symfony\\Component\\Console\\Application->doRunCommand(Object(Illuminate\\Database\\Console\\Migrations\\RefreshCommand), Object(Symfony\\Component\\Console\\Input\\ArgvInput), Object(Symfony\\Component\\Console\\Output\\ConsoleOutput))
#41 C:\\xampp\\htdocs\\internet-tehnologije-2024-projekat-vebaplplaniranjeputovanja_2021_0326\\itehLaravel\\vendor\\symfony\\console\\Application.php(193): Symfony\\Component\\Console\\Application->doRun(Object(Symfony\\Component\\Console\\Input\\ArgvInput), Object(Symfony\\Component\\Console\\Output\\ConsoleOutput))
#42 C:\\xampp\\htdocs\\internet-tehnologije-2024-projekat-vebaplplaniranjeputovanja_2021_0326\\itehLaravel\\vendor\\laravel\\framework\\src\\Illuminate\\Foundation\\Console\\Kernel.php(198): Symfony\\Component\\Console\\Application->run(Object(Symfony\\Component\\Console\\Input\\ArgvInput), Object(Symfony\\Component\\Console\\Output\\ConsoleOutput))
#43 C:\\xampp\\htdocs\\internet-tehnologije-2024-projekat-vebaplplaniranjeputovanja_2021_0326\\itehLaravel\\vendor\\laravel\\framework\\src\\Illuminate\\Foundation\\Application.php(1205): Illuminate\\Foundation\\Console\\Kernel->handle(Object(Symfony\\Component\\Console\\Input\\ArgvInput), Object(Symfony\\Component\\Console\\Output\\ConsoleOutput))
#44 C:\\xampp\\htdocs\\internet-tehnologije-2024-projekat-vebaplplaniranjeputovanja_2021_0326\\itehLaravel\\artisan(13): Illuminate\\Foundation\\Application->handleCommand(Object(Symfony\\Component\\Console\\Input\\ArgvInput))
#45 {main}

[previous exception] [object] (PDOException(code: HY000): SQLSTATE[HY000]: General error: 1005 Can't create table `itehlaravel`.`favorites_attraction` (errno: 150 \"Foreign key constraint is incorrectly formed\") at C:\\xampp\\htdocs\\internet-tehnologije-2024-projekat-vebaplplaniranjeputovanja_2021_0326\\itehLaravel\\vendor\\laravel\\framework\\src\\Illuminate\\Database\\Connection.php:571)
[stacktrace]
#0 C:\\xampp\\htdocs\\internet-tehnologije-2024-projekat-vebaplplaniranjeputovanja_2021_0326\\itehLaravel\\vendor\\laravel\\framework\\src\\Illuminate\\Database\\Connection.php(571): PDOStatement->execute()
#1 C:\\xampp\\htdocs\\internet-tehnologije-2024-projekat-vebaplplaniranjeputovanja_2021_0326\\itehLaravel\\vendor\\laravel\\framework\\src\\Illuminate\\Database\\Connection.php(812): Illuminate\\Database\\Connection->Illuminate\\Database\\{closure}('alter table `fa...', Array)
#2 C:\\xampp\\htdocs\\internet-tehnologije-2024-projekat-vebaplplaniranjeputovanja_2021_0326\\itehLaravel\\vendor\\laravel\\framework\\src\\Illuminate\\Database\\Connection.php(779): Illuminate\\Database\\Connection->runQueryCallback('alter table `fa...', Array, Object(Closure))
#3 C:\\xampp\\htdocs\\internet-tehnologije-2024-projekat-vebaplplaniranjeputovanja_2021_0326\\itehLaravel\\vendor\\laravel\\framework\\src\\Illuminate\\Database\\Connection.php(560): Illuminate\\Database\\Connection->run('alter table `fa...', Array, Object(Closure))
#4 C:\\xampp\\htdocs\\internet-tehnologije-2024-projekat-vebaplplaniranjeputovanja_2021_0326\\itehLaravel\\vendor\\laravel\\framework\\src\\Illuminate\\Database\\Schema\\Blueprint.php(118): Illuminate\\Database\\Connection->statement('alter table `fa...')
#5 C:\\xampp\\htdocs\\internet-tehnologije-2024-projekat-vebaplplaniranjeputovanja_2021_0326\\itehLaravel\\vendor\\laravel\\framework\\src\\Illuminate\\Database\\Schema\\Builder.php(564): Illuminate\\Database\\Schema\\Blueprint->build(Object(Illuminate\\Database\\MySqlConnection), Object(Illuminate\\Database\\Schema\\Grammars\\MySqlGrammar))
#6 C:\\xampp\\htdocs\\internet-tehnologije-2024-projekat-vebaplplaniranjeputovanja_2021_0326\\itehLaravel\\vendor\\laravel\\framework\\src\\Illuminate\\Database\\Schema\\Builder.php(418): Illuminate\\Database\\Schema\\Builder->build(Object(Illuminate\\Database\\Schema\\Blueprint))
#7 C:\\xampp\\htdocs\\internet-tehnologije-2024-projekat-vebaplplaniranjeputovanja_2021_0326\\itehLaravel\\vendor\\laravel\\framework\\src\\Illuminate\\Support\\Facades\\Facade.php(361): Illuminate\\Database\\Schema\\Builder->create('favorites_attra...', Object(Closure))
#8 C:\\xampp\\htdocs\\internet-tehnologije-2024-projekat-vebaplplaniranjeputovanja_2021_0326\\itehLaravel\\database\\migrations\\2025_01_04_154937_create_favorites_attraction_table.php(14): Illuminate\\Support\\Facades\\Facade::__callStatic('create', Array)
#9 C:\\xampp\\htdocs\\internet-tehnologije-2024-projekat-vebaplplaniranjeputovanja_2021_0326\\itehLaravel\\vendor\\laravel\\framework\\src\\Illuminate\\Database\\Migrations\\Migrator.php(476): Illuminate\\Database\\Migrations\\Migration@anonymous->up()
#10 C:\\xampp\\htdocs\\internet-tehnologije-2024-projekat-vebaplplaniranjeputovanja_2021_0326\\itehLaravel\\vendor\\laravel\\framework\\src\\Illuminate\\Database\\Migrations\\Migrator.php(401): Illuminate\\Database\\Migrations\\Migrator->runMethod(Object(Illuminate\\Database\\MySqlConnection), Object(Illuminate\\Database\\Migrations\\Migration@anonymous), 'up')
#11 C:\\xampp\\htdocs\\internet-tehnologije-2024-projekat-vebaplplaniranjeputovanja_2021_0326\\itehLaravel\\vendor\\laravel\\framework\\src\\Illuminate\\Database\\Migrations\\Migrator.php(410): Illuminate\\Database\\Migrations\\Migrator->Illuminate\\Database\\Migrations\\{closure}()
#12 C:\\xampp\\htdocs\\internet-tehnologije-2024-projekat-vebaplplaniranjeputovanja_2021_0326\\itehLaravel\\vendor\\laravel\\framework\\src\\Illuminate\\Database\\Migrations\\Migrator.php(213): Illuminate\\Database\\Migrations\\Migrator->runMigration(Object(Illuminate\\Database\\Migrations\\Migration@anonymous), 'up')
#13 C:\\xampp\\htdocs\\internet-tehnologije-2024-projekat-vebaplplaniranjeputovanja_2021_0326\\itehLaravel\\vendor\\laravel\\framework\\src\\Illuminate\\Console\\View\\Components\\Task.php(40): Illuminate\\Database\\Migrations\\Migrator->Illuminate\\Database\\Migrations\\{closure}()
#14 C:\\xampp\\htdocs\\internet-tehnologije-2024-projekat-vebaplplaniranjeputovanja_2021_0326\\itehLaravel\\vendor\\laravel\\framework\\src\\Illuminate\\Database\\Migrations\\Migrator.php(737): Illuminate\\Console\\View\\Components\\Task->render('2025_01_04_1549...', Object(Closure))
#15 C:\\xampp\\htdocs\\internet-tehnologije-2024-projekat-vebaplplaniranjeputovanja_2021_0326\\itehLaravel\\vendor\\laravel\\framework\\src\\Illuminate\\Database\\Migrations\\Migrator.php(213): Illuminate\\Database\\Migrations\\Migrator->write('Illuminate\\\\Cons...', '2025_01_04_1549...', Object(Closure))
#16 C:\\xampp\\htdocs\\internet-tehnologije-2024-projekat-vebaplplaniranjeputovanja_2021_0326\\itehLaravel\\vendor\\laravel\\framework\\src\\Illuminate\\Database\\Migrations\\Migrator.php(180): Illuminate\\Database\\Migrations\\Migrator->runUp('C:\\\\xampp\\\\htdocs...', 2, false)
#17 C:\\xampp\\htdocs\\internet-tehnologije-2024-projekat-vebaplplaniranjeputovanja_2021_0326\\itehLaravel\\vendor\\laravel\\framework\\src\\Illuminate\\Database\\Migrations\\Migrator.php(123): Illuminate\\Database\\Migrations\\Migrator->runPending(Array, Array)
#18 C:\\xampp\\htdocs\\internet-tehnologije-2024-projekat-vebaplplaniranjeputovanja_2021_0326\\itehLaravel\\vendor\\laravel\\framework\\src\\Illuminate\\Database\\Console\\Migrations\\MigrateCommand.php(116): Illuminate\\Database\\Migrations\\Migrator->run(Array, Array)
#19 C:\\xampp\\htdocs\\internet-tehnologije-2024-projekat-vebaplplaniranjeputovanja_2021_0326\\itehLaravel\\vendor\\laravel\\framework\\src\\Illuminate\\Database\\Migrations\\Migrator.php(616): Illuminate\\Database\\Console\\Migrations\\MigrateCommand->Illuminate\\Database\\Console\\Migrations\\{closure}()
#20 C:\\xampp\\htdocs\\internet-tehnologije-2024-projekat-vebaplplaniranjeputovanja_2021_0326\\itehLaravel\\vendor\\laravel\\framework\\src\\Illuminate\\Database\\Console\\Migrations\\MigrateCommand.php(109): Illuminate\\Database\\Migrations\\Migrator->usingConnection(NULL, Object(Closure))
#21 C:\\xampp\\htdocs\\internet-tehnologije-2024-projekat-vebaplplaniranjeputovanja_2021_0326\\itehLaravel\\vendor\\laravel\\framework\\src\\Illuminate\\Database\\Console\\Migrations\\MigrateCommand.php(88): Illuminate\\Database\\Console\\Migrations\\MigrateCommand->runMigrations()
#22 C:\\xampp\\htdocs\\internet-tehnologije-2024-projekat-vebaplplaniranjeputovanja_2021_0326\\itehLaravel\\vendor\\laravel\\framework\\src\\Illuminate\\Container\\BoundMethod.php(36): Illuminate\\Database\\Console\\Migrations\\MigrateCommand->handle()
#23 C:\\xampp\\htdocs\\internet-tehnologije-2024-projekat-vebaplplaniranjeputovanja_2021_0326\\itehLaravel\\vendor\\laravel\\framework\\src\\Illuminate\\Container\\Util.php(43): Illuminate\\Container\\BoundMethod::Illuminate\\Container\\{closure}()
#24 C:\\xampp\\htdocs\\internet-tehnologije-2024-projekat-vebaplplaniranjeputovanja_2021_0326\\itehLaravel\\vendor\\laravel\\framework\\src\\Illuminate\\Container\\BoundMethod.php(95): Illuminate\\Container\\Util::unwrapIfClosure(Object(Closure))
#25 C:\\xampp\\htdocs\\internet-tehnologije-2024-projekat-vebaplplaniranjeputovanja_2021_0326\\itehLaravel\\vendor\\laravel\\framework\\src\\Illuminate\\Container\\BoundMethod.php(35): Illuminate\\Container\\BoundMethod::callBoundMethod(Object(Illuminate\\Foundation\\Application), Array, Object(Closure))
#26 C:\\xampp\\htdocs\\internet-tehnologije-2024-projekat-vebaplplaniranjeputovanja_2021_0326\\itehLaravel\\vendor\\laravel\\framework\\src\\Illuminate\\Container\\Container.php(694): Illuminate\\Container\\BoundMethod::call(Object(Illuminate\\Foundation\\Application), Array, Array, NULL)
#27 C:\\xampp\\htdocs\\internet-tehnologije-2024-projekat-vebaplplaniranjeputovanja_2021_0326\\itehLaravel\\vendor\\laravel\\framework\\src\\Illuminate\\Console\\Command.php(213): Illuminate\\Container\\Container->call(Array)
#28 C:\\xampp\\htdocs\\internet-tehnologije-2024-projekat-vebaplplaniranjeputovanja_2021_0326\\itehLaravel\\vendor\\symfony\\console\\Command\\Command.php(279): Illuminate\\Console\\Command->execute(Object(Symfony\\Component\\Console\\Input\\ArrayInput), Object(Illuminate\\Console\\OutputStyle))
#29 C:\\xampp\\htdocs\\internet-tehnologije-2024-projekat-vebaplplaniranjeputovanja_2021_0326\\itehLaravel\\vendor\\laravel\\framework\\src\\Illuminate\\Console\\Command.php(182): Symfony\\Component\\Console\\Command\\Command->run(Object(Symfony\\Component\\Console\\Input\\ArrayInput), Object(Illuminate\\Console\\OutputStyle))
#30 C:\\xampp\\htdocs\\internet-tehnologije-2024-projekat-vebaplplaniranjeputovanja_2021_0326\\itehLaravel\\vendor\\laravel\\framework\\src\\Illuminate\\Console\\Concerns\\CallsCommands.php(68): Illuminate\\Console\\Command->run(Object(Symfony\\Component\\Console\\Input\\ArrayInput), Object(Illuminate\\Console\\OutputStyle))
#31 C:\\xampp\\htdocs\\internet-tehnologije-2024-projekat-vebaplplaniranjeputovanja_2021_0326\\itehLaravel\\vendor\\laravel\\framework\\src\\Illuminate\\Console\\Concerns\\CallsCommands.php(29): Illuminate\\Console\\Command->runCommand('migrate', Array, Object(Illuminate\\Console\\OutputStyle))
#32 C:\\xampp\\htdocs\\internet-tehnologije-2024-projekat-vebaplplaniranjeputovanja_2021_0326\\itehLaravel\\vendor\\laravel\\framework\\src\\Illuminate\\Database\\Console\\Migrations\\RefreshCommand.php(65): Illuminate\\Console\\Command->call('migrate', Array)
#33 C:\\xampp\\htdocs\\internet-tehnologije-2024-projekat-vebaplplaniranjeputovanja_2021_0326\\itehLaravel\\vendor\\laravel\\framework\\src\\Illuminate\\Container\\BoundMethod.php(36): Illuminate\\Database\\Console\\Migrations\\RefreshCommand->handle()
#34 C:\\xampp\\htdocs\\internet-tehnologije-2024-projekat-vebaplplaniranjeputovanja_2021_0326\\itehLaravel\\vendor\\laravel\\framework\\src\\Illuminate\\Container\\Util.php(43): Illuminate\\Container\\BoundMethod::Illuminate\\Container\\{closure}()
#35 C:\\xampp\\htdocs\\internet-tehnologije-2024-projekat-vebaplplaniranjeputovanja_2021_0326\\itehLaravel\\vendor\\laravel\\framework\\src\\Illuminate\\Container\\BoundMethod.php(95): Illuminate\\Container\\Util::unwrapIfClosure(Object(Closure))
#36 C:\\xampp\\htdocs\\internet-tehnologije-2024-projekat-vebaplplaniranjeputovanja_2021_0326\\itehLaravel\\vendor\\laravel\\framework\\src\\Illuminate\\Container\\BoundMethod.php(35): Illuminate\\Container\\BoundMethod::callBoundMethod(Object(Illuminate\\Foundation\\Application), Array, Object(Closure))
#37 C:\\xampp\\htdocs\\internet-tehnologije-2024-projekat-vebaplplaniranjeputovanja_2021_0326\\itehLaravel\\vendor\\laravel\\framework\\src\\Illuminate\\Container\\Container.php(694): Illuminate\\Container\\BoundMethod::call(Object(Illuminate\\Foundation\\Application), Array, Array, NULL)
#38 C:\\xampp\\htdocs\\internet-tehnologije-2024-projekat-vebaplplaniranjeputovanja_2021_0326\\itehLaravel\\vendor\\laravel\\framework\\src\\Illuminate\\Console\\Command.php(213): Illuminate\\Container\\Container->call(Array)
#39 C:\\xampp\\htdocs\\internet-tehnologije-2024-projekat-vebaplplaniranjeputovanja_2021_0326\\itehLaravel\\vendor\\symfony\\console\\Command\\Command.php(279): Illuminate\\Console\\Command->execute(Object(Symfony\\Component\\Console\\Input\\ArgvInput), Object(Illuminate\\Console\\OutputStyle))
#40 C:\\xampp\\htdocs\\internet-tehnologije-2024-projekat-vebaplplaniranjeputovanja_2021_0326\\itehLaravel\\vendor\\laravel\\framework\\src\\Illuminate\\Console\\Command.php(182): Symfony\\Component\\Console\\Command\\Command->run(Object(Symfony\\Component\\Console\\Input\\ArgvInput), Object(Illuminate\\Console\\OutputStyle))
#41 C:\\xampp\\htdocs\\internet-tehnologije-2024-projekat-vebaplplaniranjeputovanja_2021_0326\\itehLaravel\\vendor\\symfony\\console\\Application.php(1094): Illuminate\\Console\\Command->run(Object(Symfony\\Component\\Console\\Input\\ArgvInput), Object(Symfony\\Component\\Console\\Output\\ConsoleOutput))
#42 C:\\xampp\\htdocs\\internet-tehnologije-2024-projekat-vebaplplaniranjeputovanja_2021_0326\\itehLaravel\\vendor\\symfony\\console\\Application.php(342): Symfony\\Component\\Console\\Application->doRunCommand(Object(Illuminate\\Database\\Console\\Migrations\\RefreshCommand), Object(Symfony\\Component\\Console\\Input\\ArgvInput), Object(Symfony\\Component\\Console\\Output\\ConsoleOutput))
#43 C:\\xampp\\htdocs\\internet-tehnologije-2024-projekat-vebaplplaniranjeputovanja_2021_0326\\itehLaravel\\vendor\\symfony\\console\\Application.php(193): Symfony\\Component\\Console\\Application->doRun(Object(Symfony\\Component\\Console\\Input\\ArgvInput), Object(Symfony\\Component\\Console\\Output\\ConsoleOutput))
#44 C:\\xampp\\htdocs\\internet-tehnologije-2024-projekat-vebaplplaniranjeputovanja_2021_0326\\itehLaravel\\vendor\\laravel\\framework\\src\\Illuminate\\Foundation\\Console\\Kernel.php(198): Symfony\\Component\\Console\\Application->run(Object(Symfony\\Component\\Console\\Input\\ArgvInput), Object(Symfony\\Component\\Console\\Output\\ConsoleOutput))
#45 C:\\xampp\\htdocs\\internet-tehnologije-2024-projekat-vebaplplaniranjeputovanja_2021_0326\\itehLaravel\\vendor\\laravel\\framework\\src\\Illuminate\\Foundation\\Application.php(1205): Illuminate\\Foundation\\Console\\Kernel->handle(Object(Symfony\\Component\\Console\\Input\\ArgvInput), Object(Symfony\\Component\\Console\\Output\\ConsoleOutput))
#46 C:\\xampp\\htdocs\\internet-tehnologije-2024-projekat-vebaplplaniranjeputovanja_2021_0326\\itehLaravel\\artisan(13): Illuminate\\Foundation\\Application->handleCommand(Object(Symfony\\Component\\Console\\Input\\ArgvInput))
#47 {main}
"} 
